<testsuites>
	<testsuite name="AllTests" tests="9">
		<testcase classname="AllTests" name="testConstructor">
			<failure message="Test.cpp:24 testConstructor: expectedSize == actualSize expected:	0	but was:	6486056	">
testConstructor: expectedSize == actualSize expected:	0	but was:	6486056	
			</failure>
		</testcase>
		<testcase classname="AllTests" name="testInsertHead_1Element">
			<failure message="Test.cpp:57 testInsertHead_1Element: expectedSize == actualSize expected:	1	but was:	6485792	">
testInsertHead_1Element: expectedSize == actualSize expected:	1	but was:	6485792	
			</failure>
		</testcase>
		<testcase classname="AllTests" name="testInsertHead_5Element">
			<failure message="Test.cpp:106 testInsertHead_5Element: expectedSize == actualSize expected:	5	but was:	6485728	">
testInsertHead_5Element: expectedSize == actualSize expected:	5	but was:	6485728	
			</failure>
		</testcase>
		<testcase classname="AllTests" name="testInsertTail_1Element">
			<failure message="Test.cpp:151 testInsertTail_1Element: expectedSize == actualSize expected:	1	but was:	6485792	">
testInsertTail_1Element: expectedSize == actualSize expected:	1	but was:	6485792	
			</failure>
		</testcase>
		<testcase classname="AllTests" name="testInsertTail_5Element">
			<failure message="Test.cpp:199 testInsertTail_5Element: expectedSize == actualSize expected:	5	but was:	6485728	">
testInsertTail_5Element: expectedSize == actualSize expected:	5	but was:	6485728	
			</failure>
		</testcase>
		<testcase classname="AllTests" name="testRemoveHead_1Element"/>
		<testcase classname="AllTests" name="testRemoveHead_5Element">
			<failure message="Test.cpp:268 testRemoveHead_5Element: expectedSize == actualSize expected:	4	but was:	6485856	">
testRemoveHead_5Element: expectedSize == actualSize expected:	4	but was:	6485856	
			</failure>
		</testcase>
		<testcase classname="AllTests" name="testRemoveTail_1Element">
			<failure message="Test.cpp:307 testRemoveTail_1Element: expectedSize == actualSize expected:	0	but was:	6486176	">
testRemoveTail_1Element: expectedSize == actualSize expected:	0	but was:	6486176	
			</failure>
		</testcase>
		<testcase classname="AllTests" name="testRemoveTail_5Element">
			<failure message="Test.cpp:333 testRemoveTail_5Element: expectedSize == actualSize expected:	4	but was:	6485856	">
testRemoveTail_5Element: expectedSize == actualSize expected:	4	but was:	6485856	
			</failure>
		</testcase>
	</testsuite>
</testsuites>
